2025-11-11 14:07:10 INFO  Conexion:15 - Intentando conectar a la base de datos: jdbc:mysql://localhost:3306/biblioteca?useSSL=false
2025-11-11 14:07:11 INFO  Conexion:17 - Conexión exitosa a la base de datos: jdbc:mysql://localhost:3306/biblioteca?useSSL=false
2025-11-11 14:07:11 INFO  UsuarioDAO:45 - Usuario autenticado: ana.lopez
2025-11-11 14:07:11 INFO  Conexion:25 - ResultSet cerrado exitosamente
2025-11-11 14:07:11 INFO  Conexion:36 - Statement cerrado exitosamente
2025-11-11 14:07:11 INFO  Conexion:47 - Conexión cerrada exitosamente
2025-11-11 14:07:11 INFO  Conexion:15 - Intentando conectar a la base de datos: jdbc:mysql://localhost:3306/biblioteca?useSSL=false
2025-11-11 14:07:11 INFO  Conexion:17 - Conexión exitosa a la base de datos: jdbc:mysql://localhost:3306/biblioteca?useSSL=false
2025-11-11 14:07:11 INFO  Conexion:25 - ResultSet cerrado exitosamente
2025-11-11 14:07:11 INFO  Conexion:36 - Statement cerrado exitosamente
2025-11-11 14:07:11 INFO  Conexion:47 - Conexión cerrada exitosamente
2025-11-11 14:07:11 INFO  Conexion:15 - Intentando conectar a la base de datos: jdbc:mysql://localhost:3306/biblioteca?useSSL=false
2025-11-11 14:07:11 INFO  Conexion:17 - Conexión exitosa a la base de datos: jdbc:mysql://localhost:3306/biblioteca?useSSL=false
2025-11-11 14:07:11 INFO  Conexion:25 - ResultSet cerrado exitosamente
2025-11-11 14:07:11 INFO  Conexion:36 - Statement cerrado exitosamente
2025-11-11 14:07:11 INFO  Conexion:47 - Conexión cerrada exitosamente
2025-11-11 14:07:11 INFO  Conexion:15 - Intentando conectar a la base de datos: jdbc:mysql://localhost:3306/biblioteca?useSSL=false
2025-11-11 14:07:11 INFO  Conexion:17 - Conexión exitosa a la base de datos: jdbc:mysql://localhost:3306/biblioteca?useSSL=false
2025-11-11 14:07:11 INFO  Conexion:25 - ResultSet cerrado exitosamente
2025-11-11 14:07:11 INFO  Conexion:36 - Statement cerrado exitosamente
2025-11-11 14:07:11 INFO  Conexion:47 - Conexión cerrada exitosamente
2025-11-11 14:07:11 INFO  Conexion:15 - Intentando conectar a la base de datos: jdbc:mysql://localhost:3306/biblioteca?useSSL=false
2025-11-11 14:07:11 INFO  Conexion:17 - Conexión exitosa a la base de datos: jdbc:mysql://localhost:3306/biblioteca?useSSL=false
2025-11-11 14:07:11 INFO  Conexion:25 - ResultSet cerrado exitosamente
2025-11-11 14:07:11 INFO  Conexion:36 - Statement cerrado exitosamente
2025-11-11 14:07:11 INFO  Conexion:47 - Conexión cerrada exitosamente
2025-11-11 14:07:11 INFO  Conexion:15 - Intentando conectar a la base de datos: jdbc:mysql://localhost:3306/biblioteca?useSSL=false
2025-11-11 14:07:11 INFO  Conexion:17 - Conexión exitosa a la base de datos: jdbc:mysql://localhost:3306/biblioteca?useSSL=false
2025-11-11 14:07:11 INFO  Conexion:25 - ResultSet cerrado exitosamente
2025-11-11 14:07:11 INFO  Conexion:36 - Statement cerrado exitosamente
2025-11-11 14:07:11 INFO  Conexion:47 - Conexión cerrada exitosamente
2025-11-11 14:07:11 INFO  Conexion:15 - Intentando conectar a la base de datos: jdbc:mysql://localhost:3306/biblioteca?useSSL=false
2025-11-11 14:07:11 INFO  Conexion:17 - Conexión exitosa a la base de datos: jdbc:mysql://localhost:3306/biblioteca?useSSL=false
2025-11-11 14:07:11 INFO  Conexion:25 - ResultSet cerrado exitosamente
2025-11-11 14:07:11 INFO  Conexion:36 - Statement cerrado exitosamente
2025-11-11 14:07:11 INFO  Conexion:47 - Conexión cerrada exitosamente
2025-11-11 14:07:11 INFO  Conexion:15 - Intentando conectar a la base de datos: jdbc:mysql://localhost:3306/biblioteca?useSSL=false
2025-11-11 14:07:11 INFO  Conexion:17 - Conexión exitosa a la base de datos: jdbc:mysql://localhost:3306/biblioteca?useSSL=false
2025-11-11 14:07:11 INFO  Conexion:25 - ResultSet cerrado exitosamente
2025-11-11 14:07:11 INFO  Conexion:36 - Statement cerrado exitosamente
2025-11-11 14:07:11 INFO  Conexion:47 - Conexión cerrada exitosamente
2025-11-11 14:07:11 INFO  Conexion:15 - Intentando conectar a la base de datos: jdbc:mysql://localhost:3306/biblioteca?useSSL=false
2025-11-11 14:07:11 INFO  Conexion:17 - Conexión exitosa a la base de datos: jdbc:mysql://localhost:3306/biblioteca?useSSL=false
2025-11-11 14:07:11 INFO  Conexion:25 - ResultSet cerrado exitosamente
2025-11-11 14:07:11 INFO  Conexion:36 - Statement cerrado exitosamente
2025-11-11 14:07:11 INFO  Conexion:47 - Conexión cerrada exitosamente
2025-11-11 14:07:15 INFO  Conexion:15 - Intentando conectar a la base de datos: jdbc:mysql://localhost:3306/biblioteca?useSSL=false
2025-11-11 14:07:15 INFO  Conexion:17 - Conexión exitosa a la base de datos: jdbc:mysql://localhost:3306/biblioteca?useSSL=false
2025-11-11 14:07:21 INFO  Conexion:15 - Intentando conectar a la base de datos: jdbc:mysql://localhost:3306/biblioteca?useSSL=false
2025-11-11 14:07:21 INFO  Conexion:17 - Conexión exitosa a la base de datos: jdbc:mysql://localhost:3306/biblioteca?useSSL=false
2025-11-11 14:07:24 INFO  Conexion:15 - Intentando conectar a la base de datos: jdbc:mysql://localhost:3306/biblioteca?useSSL=false
2025-11-11 14:07:24 INFO  Conexion:17 - Conexión exitosa a la base de datos: jdbc:mysql://localhost:3306/biblioteca?useSSL=false
2025-11-11 14:36:48 INFO  Conexion:15 - Intentando conectar a la base de datos: jdbc:mysql://localhost:3306/biblioteca?useSSL=false
2025-11-11 14:36:48 INFO  Conexion:17 - Conexión exitosa a la base de datos: jdbc:mysql://localhost:3306/biblioteca?useSSL=false
2025-11-11 14:36:48 INFO  UsuarioDAO:45 - Usuario autenticado: ana.lopez
2025-11-11 14:36:48 INFO  Conexion:25 - ResultSet cerrado exitosamente
2025-11-11 14:36:48 INFO  Conexion:36 - Statement cerrado exitosamente
2025-11-11 14:36:49 INFO  Conexion:47 - Conexión cerrada exitosamente
2025-11-11 14:36:49 INFO  Conexion:15 - Intentando conectar a la base de datos: jdbc:mysql://localhost:3306/biblioteca?useSSL=false
2025-11-11 14:36:49 INFO  Conexion:17 - Conexión exitosa a la base de datos: jdbc:mysql://localhost:3306/biblioteca?useSSL=false
2025-11-11 14:36:49 INFO  Conexion:25 - ResultSet cerrado exitosamente
2025-11-11 14:36:49 INFO  Conexion:36 - Statement cerrado exitosamente
2025-11-11 14:36:49 INFO  Conexion:47 - Conexión cerrada exitosamente
2025-11-11 14:36:49 INFO  Conexion:15 - Intentando conectar a la base de datos: jdbc:mysql://localhost:3306/biblioteca?useSSL=false
2025-11-11 14:36:49 INFO  Conexion:17 - Conexión exitosa a la base de datos: jdbc:mysql://localhost:3306/biblioteca?useSSL=false
2025-11-11 14:36:49 INFO  Conexion:25 - ResultSet cerrado exitosamente
2025-11-11 14:36:49 INFO  Conexion:36 - Statement cerrado exitosamente
2025-11-11 14:36:49 INFO  Conexion:47 - Conexión cerrada exitosamente
2025-11-11 14:36:49 INFO  Conexion:15 - Intentando conectar a la base de datos: jdbc:mysql://localhost:3306/biblioteca?useSSL=false
2025-11-11 14:36:49 INFO  Conexion:17 - Conexión exitosa a la base de datos: jdbc:mysql://localhost:3306/biblioteca?useSSL=false
2025-11-11 14:36:49 INFO  Conexion:25 - ResultSet cerrado exitosamente
2025-11-11 14:36:49 INFO  Conexion:36 - Statement cerrado exitosamente
2025-11-11 14:36:49 INFO  Conexion:47 - Conexión cerrada exitosamente
2025-11-11 14:36:49 INFO  Conexion:15 - Intentando conectar a la base de datos: jdbc:mysql://localhost:3306/biblioteca?useSSL=false
2025-11-11 14:36:49 INFO  Conexion:17 - Conexión exitosa a la base de datos: jdbc:mysql://localhost:3306/biblioteca?useSSL=false
2025-11-11 14:36:49 INFO  Conexion:25 - ResultSet cerrado exitosamente
2025-11-11 14:36:49 INFO  Conexion:36 - Statement cerrado exitosamente
2025-11-11 14:36:49 INFO  Conexion:47 - Conexión cerrada exitosamente
2025-11-11 14:36:49 INFO  Conexion:15 - Intentando conectar a la base de datos: jdbc:mysql://localhost:3306/biblioteca?useSSL=false
2025-11-11 14:36:49 INFO  Conexion:17 - Conexión exitosa a la base de datos: jdbc:mysql://localhost:3306/biblioteca?useSSL=false
2025-11-11 14:36:49 INFO  Conexion:25 - ResultSet cerrado exitosamente
2025-11-11 14:36:49 INFO  Conexion:36 - Statement cerrado exitosamente
2025-11-11 14:36:49 INFO  Conexion:47 - Conexión cerrada exitosamente
2025-11-11 14:36:49 INFO  Conexion:15 - Intentando conectar a la base de datos: jdbc:mysql://localhost:3306/biblioteca?useSSL=false
2025-11-11 14:36:49 INFO  Conexion:17 - Conexión exitosa a la base de datos: jdbc:mysql://localhost:3306/biblioteca?useSSL=false
2025-11-11 14:36:49 INFO  Conexion:25 - ResultSet cerrado exitosamente
2025-11-11 14:36:49 INFO  Conexion:36 - Statement cerrado exitosamente
2025-11-11 14:36:49 INFO  Conexion:47 - Conexión cerrada exitosamente
2025-11-11 14:36:49 INFO  Conexion:15 - Intentando conectar a la base de datos: jdbc:mysql://localhost:3306/biblioteca?useSSL=false
2025-11-11 14:36:49 INFO  Conexion:17 - Conexión exitosa a la base de datos: jdbc:mysql://localhost:3306/biblioteca?useSSL=false
2025-11-11 14:36:49 INFO  Conexion:25 - ResultSet cerrado exitosamente
2025-11-11 14:36:49 INFO  Conexion:36 - Statement cerrado exitosamente
2025-11-11 14:36:49 INFO  Conexion:47 - Conexión cerrada exitosamente
2025-11-11 14:36:49 INFO  Conexion:15 - Intentando conectar a la base de datos: jdbc:mysql://localhost:3306/biblioteca?useSSL=false
2025-11-11 14:36:49 INFO  Conexion:17 - Conexión exitosa a la base de datos: jdbc:mysql://localhost:3306/biblioteca?useSSL=false
2025-11-11 14:36:49 INFO  Conexion:25 - ResultSet cerrado exitosamente
2025-11-11 14:36:49 INFO  Conexion:36 - Statement cerrado exitosamente
2025-11-11 14:36:49 INFO  Conexion:47 - Conexión cerrada exitosamente
2025-11-11 14:45:13 INFO  Conexion:15 - Intentando conectar a la base de datos: jdbc:mysql://localhost:3306/biblioteca?useSSL=false
2025-11-11 14:45:13 INFO  Conexion:17 - Conexión exitosa a la base de datos: jdbc:mysql://localhost:3306/biblioteca?useSSL=false
2025-11-11 14:45:18 INFO  Conexion:15 - Intentando conectar a la base de datos: jdbc:mysql://localhost:3306/biblioteca?useSSL=false
2025-11-11 14:45:18 INFO  Conexion:17 - Conexión exitosa a la base de datos: jdbc:mysql://localhost:3306/biblioteca?useSSL=false
2025-11-11 14:49:44 INFO  Conexion:15 - Intentando conectar a la base de datos: jdbc:mysql://localhost:3306/biblioteca?useSSL=false
2025-11-11 14:49:44 INFO  Conexion:17 - Conexión exitosa a la base de datos: jdbc:mysql://localhost:3306/biblioteca?useSSL=false
2025-11-11 14:49:44 INFO  UsuarioDAO:45 - Usuario autenticado: ana.lopez
2025-11-11 14:49:44 INFO  Conexion:25 - ResultSet cerrado exitosamente
2025-11-11 14:49:44 INFO  Conexion:36 - Statement cerrado exitosamente
2025-11-11 14:49:44 INFO  Conexion:47 - Conexión cerrada exitosamente
2025-11-11 14:49:44 INFO  Conexion:15 - Intentando conectar a la base de datos: jdbc:mysql://localhost:3306/biblioteca?useSSL=false
2025-11-11 14:49:44 INFO  Conexion:17 - Conexión exitosa a la base de datos: jdbc:mysql://localhost:3306/biblioteca?useSSL=false
2025-11-11 14:49:44 INFO  Conexion:25 - ResultSet cerrado exitosamente
2025-11-11 14:49:44 INFO  Conexion:36 - Statement cerrado exitosamente
2025-11-11 14:49:44 INFO  Conexion:47 - Conexión cerrada exitosamente
2025-11-11 14:49:44 INFO  Conexion:15 - Intentando conectar a la base de datos: jdbc:mysql://localhost:3306/biblioteca?useSSL=false
2025-11-11 14:49:44 INFO  Conexion:17 - Conexión exitosa a la base de datos: jdbc:mysql://localhost:3306/biblioteca?useSSL=false
2025-11-11 14:49:44 INFO  Conexion:25 - ResultSet cerrado exitosamente
2025-11-11 14:49:44 INFO  Conexion:36 - Statement cerrado exitosamente
2025-11-11 14:49:44 INFO  Conexion:47 - Conexión cerrada exitosamente
2025-11-11 14:49:44 INFO  Conexion:15 - Intentando conectar a la base de datos: jdbc:mysql://localhost:3306/biblioteca?useSSL=false
2025-11-11 14:49:44 INFO  Conexion:17 - Conexión exitosa a la base de datos: jdbc:mysql://localhost:3306/biblioteca?useSSL=false
2025-11-11 14:49:44 INFO  Conexion:25 - ResultSet cerrado exitosamente
2025-11-11 14:49:44 INFO  Conexion:36 - Statement cerrado exitosamente
2025-11-11 14:49:44 INFO  Conexion:47 - Conexión cerrada exitosamente
2025-11-11 14:49:44 INFO  Conexion:15 - Intentando conectar a la base de datos: jdbc:mysql://localhost:3306/biblioteca?useSSL=false
2025-11-11 14:49:44 INFO  Conexion:17 - Conexión exitosa a la base de datos: jdbc:mysql://localhost:3306/biblioteca?useSSL=false
2025-11-11 14:49:44 INFO  Conexion:25 - ResultSet cerrado exitosamente
2025-11-11 14:49:44 INFO  Conexion:36 - Statement cerrado exitosamente
2025-11-11 14:49:44 INFO  Conexion:47 - Conexión cerrada exitosamente
2025-11-11 14:49:44 INFO  Conexion:15 - Intentando conectar a la base de datos: jdbc:mysql://localhost:3306/biblioteca?useSSL=false
2025-11-11 14:49:44 INFO  Conexion:17 - Conexión exitosa a la base de datos: jdbc:mysql://localhost:3306/biblioteca?useSSL=false
2025-11-11 14:49:44 INFO  Conexion:25 - ResultSet cerrado exitosamente
2025-11-11 14:49:44 INFO  Conexion:36 - Statement cerrado exitosamente
2025-11-11 14:49:44 INFO  Conexion:47 - Conexión cerrada exitosamente
2025-11-11 14:49:44 INFO  Conexion:15 - Intentando conectar a la base de datos: jdbc:mysql://localhost:3306/biblioteca?useSSL=false
2025-11-11 14:49:44 INFO  Conexion:17 - Conexión exitosa a la base de datos: jdbc:mysql://localhost:3306/biblioteca?useSSL=false
2025-11-11 14:49:44 INFO  Conexion:25 - ResultSet cerrado exitosamente
2025-11-11 14:49:44 INFO  Conexion:36 - Statement cerrado exitosamente
2025-11-11 14:49:44 INFO  Conexion:47 - Conexión cerrada exitosamente
2025-11-11 14:49:44 INFO  Conexion:15 - Intentando conectar a la base de datos: jdbc:mysql://localhost:3306/biblioteca?useSSL=false
2025-11-11 14:49:44 INFO  Conexion:17 - Conexión exitosa a la base de datos: jdbc:mysql://localhost:3306/biblioteca?useSSL=false
2025-11-11 14:49:44 INFO  Conexion:25 - ResultSet cerrado exitosamente
2025-11-11 14:49:44 INFO  Conexion:36 - Statement cerrado exitosamente
2025-11-11 14:49:44 INFO  Conexion:47 - Conexión cerrada exitosamente
2025-11-11 14:49:44 INFO  Conexion:15 - Intentando conectar a la base de datos: jdbc:mysql://localhost:3306/biblioteca?useSSL=false
2025-11-11 14:49:44 INFO  Conexion:17 - Conexión exitosa a la base de datos: jdbc:mysql://localhost:3306/biblioteca?useSSL=false
2025-11-11 14:49:44 INFO  Conexion:25 - ResultSet cerrado exitosamente
2025-11-11 14:49:44 INFO  Conexion:36 - Statement cerrado exitosamente
2025-11-11 14:49:44 INFO  Conexion:47 - Conexión cerrada exitosamente
2025-11-11 14:49:48 INFO  Conexion:15 - Intentando conectar a la base de datos: jdbc:mysql://localhost:3306/biblioteca?useSSL=false
2025-11-11 14:49:48 INFO  Conexion:17 - Conexión exitosa a la base de datos: jdbc:mysql://localhost:3306/biblioteca?useSSL=false
2025-11-11 14:49:58 INFO  Conexion:15 - Intentando conectar a la base de datos: jdbc:mysql://localhost:3306/biblioteca?useSSL=false
2025-11-11 14:49:58 INFO  Conexion:17 - Conexión exitosa a la base de datos: jdbc:mysql://localhost:3306/biblioteca?useSSL=false
2025-11-11 14:50:00 INFO  Conexion:15 - Intentando conectar a la base de datos: jdbc:mysql://localhost:3306/biblioteca?useSSL=false
2025-11-11 14:50:00 INFO  Conexion:17 - Conexión exitosa a la base de datos: jdbc:mysql://localhost:3306/biblioteca?useSSL=false
2025-11-11 14:50:04 INFO  Conexion:15 - Intentando conectar a la base de datos: jdbc:mysql://localhost:3306/biblioteca?useSSL=false
2025-11-11 14:50:04 INFO  Conexion:17 - Conexión exitosa a la base de datos: jdbc:mysql://localhost:3306/biblioteca?useSSL=false
2025-11-11 14:59:13 INFO  Conexion:15 - Intentando conectar a la base de datos: jdbc:mysql://localhost:3306/biblioteca?useSSL=false
2025-11-11 14:59:13 INFO  Conexion:17 - Conexión exitosa a la base de datos: jdbc:mysql://localhost:3306/biblioteca?useSSL=false
2025-11-11 14:59:13 INFO  UsuarioDAO:45 - Usuario autenticado: ana.lopez
2025-11-11 14:59:13 INFO  Conexion:25 - ResultSet cerrado exitosamente
2025-11-11 14:59:13 INFO  Conexion:36 - Statement cerrado exitosamente
2025-11-11 14:59:13 INFO  Conexion:47 - Conexión cerrada exitosamente
2025-11-11 14:59:13 INFO  Conexion:15 - Intentando conectar a la base de datos: jdbc:mysql://localhost:3306/biblioteca?useSSL=false
2025-11-11 14:59:13 INFO  Conexion:17 - Conexión exitosa a la base de datos: jdbc:mysql://localhost:3306/biblioteca?useSSL=false
2025-11-11 14:59:13 INFO  Conexion:25 - ResultSet cerrado exitosamente
2025-11-11 14:59:13 INFO  Conexion:36 - Statement cerrado exitosamente
2025-11-11 14:59:13 INFO  Conexion:47 - Conexión cerrada exitosamente
2025-11-11 14:59:13 INFO  Conexion:15 - Intentando conectar a la base de datos: jdbc:mysql://localhost:3306/biblioteca?useSSL=false
2025-11-11 14:59:13 INFO  Conexion:17 - Conexión exitosa a la base de datos: jdbc:mysql://localhost:3306/biblioteca?useSSL=false
2025-11-11 14:59:13 INFO  Conexion:25 - ResultSet cerrado exitosamente
2025-11-11 14:59:13 INFO  Conexion:36 - Statement cerrado exitosamente
2025-11-11 14:59:13 INFO  Conexion:47 - Conexión cerrada exitosamente
2025-11-11 14:59:13 INFO  Conexion:15 - Intentando conectar a la base de datos: jdbc:mysql://localhost:3306/biblioteca?useSSL=false
2025-11-11 14:59:13 INFO  Conexion:17 - Conexión exitosa a la base de datos: jdbc:mysql://localhost:3306/biblioteca?useSSL=false
2025-11-11 14:59:13 INFO  Conexion:25 - ResultSet cerrado exitosamente
2025-11-11 14:59:13 INFO  Conexion:36 - Statement cerrado exitosamente
2025-11-11 14:59:13 INFO  Conexion:47 - Conexión cerrada exitosamente
2025-11-11 14:59:13 INFO  Conexion:15 - Intentando conectar a la base de datos: jdbc:mysql://localhost:3306/biblioteca?useSSL=false
2025-11-11 14:59:13 INFO  Conexion:17 - Conexión exitosa a la base de datos: jdbc:mysql://localhost:3306/biblioteca?useSSL=false
2025-11-11 14:59:13 INFO  Conexion:25 - ResultSet cerrado exitosamente
2025-11-11 14:59:13 INFO  Conexion:36 - Statement cerrado exitosamente
2025-11-11 14:59:13 INFO  Conexion:47 - Conexión cerrada exitosamente
2025-11-11 14:59:13 INFO  Conexion:15 - Intentando conectar a la base de datos: jdbc:mysql://localhost:3306/biblioteca?useSSL=false
2025-11-11 14:59:13 INFO  Conexion:17 - Conexión exitosa a la base de datos: jdbc:mysql://localhost:3306/biblioteca?useSSL=false
2025-11-11 14:59:13 INFO  Conexion:25 - ResultSet cerrado exitosamente
2025-11-11 14:59:13 INFO  Conexion:36 - Statement cerrado exitosamente
2025-11-11 14:59:13 INFO  Conexion:47 - Conexión cerrada exitosamente
2025-11-11 14:59:13 INFO  Conexion:15 - Intentando conectar a la base de datos: jdbc:mysql://localhost:3306/biblioteca?useSSL=false
2025-11-11 14:59:13 INFO  Conexion:17 - Conexión exitosa a la base de datos: jdbc:mysql://localhost:3306/biblioteca?useSSL=false
2025-11-11 14:59:13 INFO  Conexion:25 - ResultSet cerrado exitosamente
2025-11-11 14:59:13 INFO  Conexion:36 - Statement cerrado exitosamente
2025-11-11 14:59:13 INFO  Conexion:47 - Conexión cerrada exitosamente
2025-11-11 14:59:13 INFO  Conexion:15 - Intentando conectar a la base de datos: jdbc:mysql://localhost:3306/biblioteca?useSSL=false
2025-11-11 14:59:13 INFO  Conexion:17 - Conexión exitosa a la base de datos: jdbc:mysql://localhost:3306/biblioteca?useSSL=false
2025-11-11 14:59:13 INFO  Conexion:25 - ResultSet cerrado exitosamente
2025-11-11 14:59:13 INFO  Conexion:36 - Statement cerrado exitosamente
2025-11-11 14:59:13 INFO  Conexion:47 - Conexión cerrada exitosamente
2025-11-11 14:59:13 INFO  Conexion:15 - Intentando conectar a la base de datos: jdbc:mysql://localhost:3306/biblioteca?useSSL=false
2025-11-11 14:59:13 INFO  Conexion:17 - Conexión exitosa a la base de datos: jdbc:mysql://localhost:3306/biblioteca?useSSL=false
2025-11-11 14:59:13 INFO  Conexion:25 - ResultSet cerrado exitosamente
2025-11-11 14:59:13 INFO  Conexion:36 - Statement cerrado exitosamente
2025-11-11 14:59:13 INFO  Conexion:47 - Conexión cerrada exitosamente
2025-11-11 14:59:16 INFO  Conexion:15 - Intentando conectar a la base de datos: jdbc:mysql://localhost:3306/biblioteca?useSSL=false
2025-11-11 14:59:16 INFO  Conexion:17 - Conexión exitosa a la base de datos: jdbc:mysql://localhost:3306/biblioteca?useSSL=false
2025-11-11 14:59:19 INFO  Conexion:15 - Intentando conectar a la base de datos: jdbc:mysql://localhost:3306/biblioteca?useSSL=false
2025-11-11 14:59:19 INFO  Conexion:17 - Conexión exitosa a la base de datos: jdbc:mysql://localhost:3306/biblioteca?useSSL=false
2025-11-11 14:59:52 INFO  Conexion:15 - Intentando conectar a la base de datos: jdbc:mysql://localhost:3306/biblioteca?useSSL=false
2025-11-11 14:59:52 INFO  Conexion:17 - Conexión exitosa a la base de datos: jdbc:mysql://localhost:3306/biblioteca?useSSL=false
2025-11-11 14:59:52 INFO  Conexion:25 - ResultSet cerrado exitosamente
2025-11-11 14:59:52 INFO  Conexion:36 - Statement cerrado exitosamente
2025-11-11 14:59:52 INFO  Conexion:47 - Conexión cerrada exitosamente
2025-11-11 14:59:59 INFO  Conexion:15 - Intentando conectar a la base de datos: jdbc:mysql://localhost:3306/biblioteca?useSSL=false
2025-11-11 14:59:59 INFO  Conexion:17 - Conexión exitosa a la base de datos: jdbc:mysql://localhost:3306/biblioteca?useSSL=false
2025-11-11 14:59:59 INFO  Conexion:25 - ResultSet cerrado exitosamente
2025-11-11 14:59:59 INFO  Conexion:36 - Statement cerrado exitosamente
2025-11-11 14:59:59 INFO  Conexion:47 - Conexión cerrada exitosamente
2025-11-11 15:00:42 INFO  Conexion:15 - Intentando conectar a la base de datos: jdbc:mysql://localhost:3306/biblioteca?useSSL=false
2025-11-11 15:00:42 INFO  Conexion:17 - Conexión exitosa a la base de datos: jdbc:mysql://localhost:3306/biblioteca?useSSL=false
2025-11-11 15:00:42 INFO  Conexion:25 - ResultSet cerrado exitosamente
2025-11-11 15:00:42 INFO  Conexion:36 - Statement cerrado exitosamente
2025-11-11 15:00:42 INFO  Conexion:47 - Conexión cerrada exitosamente
2025-11-11 15:00:45 INFO  Conexion:15 - Intentando conectar a la base de datos: jdbc:mysql://localhost:3306/biblioteca?useSSL=false
2025-11-11 15:00:45 INFO  Conexion:17 - Conexión exitosa a la base de datos: jdbc:mysql://localhost:3306/biblioteca?useSSL=false
2025-11-11 15:00:45 INFO  Conexion:25 - ResultSet cerrado exitosamente
2025-11-11 15:00:45 INFO  Conexion:36 - Statement cerrado exitosamente
2025-11-11 15:00:45 INFO  Conexion:47 - Conexión cerrada exitosamente
2025-11-11 15:01:11 INFO  Conexion:15 - Intentando conectar a la base de datos: jdbc:mysql://localhost:3306/biblioteca?useSSL=false
2025-11-11 15:01:11 INFO  Conexion:17 - Conexión exitosa a la base de datos: jdbc:mysql://localhost:3306/biblioteca?useSSL=false
2025-11-11 15:01:11 INFO  Conexion:25 - ResultSet cerrado exitosamente
2025-11-11 15:01:11 INFO  Conexion:36 - Statement cerrado exitosamente
2025-11-11 15:01:11 INFO  Conexion:47 - Conexión cerrada exitosamente
2025-11-11 15:01:13 INFO  Conexion:15 - Intentando conectar a la base de datos: jdbc:mysql://localhost:3306/biblioteca?useSSL=false
2025-11-11 15:01:13 INFO  Conexion:17 - Conexión exitosa a la base de datos: jdbc:mysql://localhost:3306/biblioteca?useSSL=false
2025-11-11 15:01:13 INFO  Conexion:25 - ResultSet cerrado exitosamente
2025-11-11 15:01:13 INFO  Conexion:36 - Statement cerrado exitosamente
2025-11-11 15:01:13 INFO  Conexion:47 - Conexión cerrada exitosamente
2025-11-11 15:01:14 INFO  Conexion:15 - Intentando conectar a la base de datos: jdbc:mysql://localhost:3306/biblioteca?useSSL=false
2025-11-11 15:01:14 INFO  Conexion:17 - Conexión exitosa a la base de datos: jdbc:mysql://localhost:3306/biblioteca?useSSL=false
2025-11-11 15:01:14 INFO  Conexion:25 - ResultSet cerrado exitosamente
2025-11-11 15:01:14 INFO  Conexion:36 - Statement cerrado exitosamente
2025-11-11 15:01:14 INFO  Conexion:47 - Conexión cerrada exitosamente
2025-11-11 15:01:14 INFO  Conexion:15 - Intentando conectar a la base de datos: jdbc:mysql://localhost:3306/biblioteca?useSSL=false
2025-11-11 15:01:14 INFO  Conexion:17 - Conexión exitosa a la base de datos: jdbc:mysql://localhost:3306/biblioteca?useSSL=false
2025-11-11 15:01:14 INFO  Conexion:25 - ResultSet cerrado exitosamente
2025-11-11 15:01:14 INFO  Conexion:36 - Statement cerrado exitosamente
2025-11-11 15:01:14 INFO  Conexion:47 - Conexión cerrada exitosamente
2025-11-11 15:01:14 INFO  Conexion:15 - Intentando conectar a la base de datos: jdbc:mysql://localhost:3306/biblioteca?useSSL=false
2025-11-11 15:01:14 INFO  Conexion:17 - Conexión exitosa a la base de datos: jdbc:mysql://localhost:3306/biblioteca?useSSL=false
2025-11-11 15:01:14 INFO  Conexion:25 - ResultSet cerrado exitosamente
2025-11-11 15:01:14 INFO  Conexion:36 - Statement cerrado exitosamente
2025-11-11 15:01:14 INFO  Conexion:47 - Conexión cerrada exitosamente
2025-11-11 15:01:14 INFO  Conexion:15 - Intentando conectar a la base de datos: jdbc:mysql://localhost:3306/biblioteca?useSSL=false
2025-11-11 15:01:14 INFO  Conexion:17 - Conexión exitosa a la base de datos: jdbc:mysql://localhost:3306/biblioteca?useSSL=false
2025-11-11 15:01:14 INFO  PrestamoDAO:37 - Préstamo insertado: usuario 4 → ejemplar 3
2025-11-11 15:01:14 INFO  Conexion:36 - Statement cerrado exitosamente
2025-11-11 15:01:14 INFO  Conexion:47 - Conexión cerrada exitosamente
2025-11-11 15:01:14 INFO  Conexion:15 - Intentando conectar a la base de datos: jdbc:mysql://localhost:3306/biblioteca?useSSL=false
2025-11-11 15:01:14 INFO  Conexion:17 - Conexión exitosa a la base de datos: jdbc:mysql://localhost:3306/biblioteca?useSSL=false
2025-11-11 15:01:14 INFO  Conexion:36 - Statement cerrado exitosamente
2025-11-11 15:01:14 INFO  Conexion:47 - Conexión cerrada exitosamente
2025-11-11 15:01:16 INFO  Conexion:15 - Intentando conectar a la base de datos: jdbc:mysql://localhost:3306/biblioteca?useSSL=false
2025-11-11 15:01:16 INFO  Conexion:17 - Conexión exitosa a la base de datos: jdbc:mysql://localhost:3306/biblioteca?useSSL=false
2025-11-11 15:01:16 INFO  Conexion:25 - ResultSet cerrado exitosamente
2025-11-11 15:01:16 INFO  Conexion:36 - Statement cerrado exitosamente
2025-11-11 15:01:16 INFO  Conexion:47 - Conexión cerrada exitosamente
2025-11-11 15:01:16 INFO  Conexion:15 - Intentando conectar a la base de datos: jdbc:mysql://localhost:3306/biblioteca?useSSL=false
2025-11-11 15:01:16 INFO  Conexion:17 - Conexión exitosa a la base de datos: jdbc:mysql://localhost:3306/biblioteca?useSSL=false
2025-11-11 15:01:16 INFO  Conexion:25 - ResultSet cerrado exitosamente
2025-11-11 15:01:16 INFO  Conexion:36 - Statement cerrado exitosamente
2025-11-11 15:01:16 INFO  Conexion:47 - Conexión cerrada exitosamente
2025-11-11 15:02:36 INFO  Conexion:15 - Intentando conectar a la base de datos: jdbc:mysql://localhost:3306/biblioteca?useSSL=false
2025-11-11 15:02:36 INFO  Conexion:17 - Conexión exitosa a la base de datos: jdbc:mysql://localhost:3306/biblioteca?useSSL=false
2025-11-11 15:09:49 INFO  Conexion:15 - Intentando conectar a la base de datos: jdbc:mysql://localhost:3306/biblioteca?useSSL=false
2025-11-11 15:09:49 INFO  Conexion:17 - Conexión exitosa a la base de datos: jdbc:mysql://localhost:3306/biblioteca?useSSL=false
2025-11-11 15:18:55 INFO  Conexion:15 - Intentando conectar a la base de datos: jdbc:mysql://localhost:3306/biblioteca?useSSL=false
2025-11-11 15:18:55 INFO  Conexion:17 - Conexión exitosa a la base de datos: jdbc:mysql://localhost:3306/biblioteca?useSSL=false
2025-11-11 15:18:57 INFO  Conexion:15 - Intentando conectar a la base de datos: jdbc:mysql://localhost:3306/biblioteca?useSSL=false
2025-11-11 15:18:57 INFO  Conexion:17 - Conexión exitosa a la base de datos: jdbc:mysql://localhost:3306/biblioteca?useSSL=false
2025-11-11 15:20:34 INFO  Conexion:15 - Intentando conectar a la base de datos: jdbc:mysql://localhost:3306/biblioteca?useSSL=false
2025-11-11 15:20:34 INFO  Conexion:17 - Conexión exitosa a la base de datos: jdbc:mysql://localhost:3306/biblioteca?useSSL=false
